<?xml version="1.0" encoding="utf-8"?><testsuites name="pytest tests"><testsuite name="pytest" errors="0" failures="1" skipped="0" tests="22" time="10.668" timestamp="2026-07-02T23:42:33.350671+00:00" hostname="agent-env-f83d7d9d-9132-495a-8b5a-8a62ddc8136f"><testcase classname="backend.tests.test_marrakechi_api" name="test_01_seed" time="0.271" /><testcase classname="backend.tests.test_marrakechi_api" name="test_02_menu_all" time="0.075" /><testcase classname="backend.tests.test_marrakechi_api" name="test_03_menu_category_tea" time="0.073" /><testcase classname="backend.tests.test_marrakechi_api" name="test_04_menu_item_detail" time="0.071" /><testcase classname="backend.tests.test_marrakechi_api" name="test_05_products_list_and_story" time="0.074" /><testcase classname="backend.tests.test_marrakechi_api" name="test_06_product_detail" time="0.074" /><testcase classname="backend.tests.test_marrakechi_api" name="test_07_events" time="0.074" /><testcase classname="backend.tests.test_marrakechi_api" name="test_08_tables" time="0.070" /><testcase classname="backend.tests.test_marrakechi_api" name="test_09_music_five_tracks" time="0.072" /><testcase classname="backend.tests.test_marrakechi_api" name="test_10_admin_login" time="0.299" /><testcase classname="backend.tests.test_marrakechi_api" name="test_11_customer_register" time="0.296" /><testcase classname="backend.tests.test_marrakechi_api" name="test_12_customer_login" time="0.291" /><testcase classname="backend.tests.test_marrakechi_api" name="test_13_auth_me" time="0.071"><failure message="AssertionError: assert 'test_user_75...arrakechi.com' == 'TEST_user_75...arrakechi.com'&#10;  &#10;  - TEST_user_759b08b8@lemarrakechi.com&#10;  ? ^^^^&#10;  + test_user_759b08b8@lemarrakechi.com&#10;  ? ^^^^">backend/tests/test_marrakechi_api.py:129: in test_13_auth_me
    assert r.json()["email"] == STATE["cust_email"]
E   AssertionError: assert 'test_user_75...arrakechi.com' == 'TEST_user_75...arrakechi.com'
E     
E     - TEST_user_759b08b8@lemarrakechi.com
E     ? ^^^^
E     + test_user_759b08b8@lemarrakechi.com
E     ? ^^^^</failure></testcase><testcase classname="backend.tests.test_marrakechi_api" name="test_14_auth_me_no_token" time="0.087" /><testcase classname="backend.tests.test_marrakechi_api" name="test_15_reservation_requires_auth" time="0.077" /><testcase classname="backend.tests.test_marrakechi_api" name="test_16_reservation_create_and_list" time="0.159" /><testcase classname="backend.tests.test_marrakechi_api" name="test_17_order_creates_and_updates_loyalty" time="0.218" /><testcase classname="backend.tests.test_marrakechi_api" name="test_18_assistant_returns_reply" time="7.867" /><testcase classname="backend.tests.test_marrakechi_api" name="test_19_admin_analytics_forbidden_for_customer" time="0.072" /><testcase classname="backend.tests.test_marrakechi_api" name="test_20_admin_analytics_ok" time="0.072" /><testcase classname="backend.tests.test_marrakechi_api" name="test_21_admin_customers_forbidden" time="0.070" /><testcase classname="backend.tests.test_marrakechi_api" name="test_22_admin_customers_ok" time="0.071" /></testsuite></testsuites>